[debug] [2022-01-25T12:38:40.950Z] ----------------------------------------------------------------------
[debug] [2022-01-25T12:38:40.952Z] Command:       C:\Program Files\nodejs\node.exe C:\Users\Admin\AppData\Roaming\npm\node_modules\firebase-tools\lib\bin\firebase.js init
[debug] [2022-01-25T12:38:40.952Z] CLI Version:   10.1.2
[debug] [2022-01-25T12:38:40.952Z] Platform:      win32
[debug] [2022-01-25T12:38:40.952Z] Node Version:  v14.17.0
[debug] [2022-01-25T12:38:40.953Z] Time:          Tue Jan 25 2022 19:38:40 GMT+0700 (Indochina Time)
[debug] [2022-01-25T12:38:40.953Z] ----------------------------------------------------------------------
[debug] 
[debug] [2022-01-25T12:38:41.010Z] > command requires scopes: ["email","openid","https://www.googleapis.com/auth/cloudplatformprojects.readonly","https://www.googleapis.com/auth/firebase","https://www.googleapis.com/auth/cloud-platform"]
[debug] [2022-01-25T12:38:41.010Z] > authorizing via signed-in user (duonghung.tn1509@gmail.com)
[info] 
     ######## #### ########  ######## ########     ###     ######  ########
     ##        ##  ##     ## ##       ##     ##  ##   ##  ##       ##
     ######    ##  ########  ######   ########  #########  ######  ######
     ##        ##  ##    ##  ##       ##     ## ##     ##       ## ##
     ##       #### ##     ## ######## ########  ##     ##  ######  ########

You're about to initialize a Firebase project in this directory:

  D:\thuc hanh\linh tinh\Nhom4_BigcitiBoiz

Before we get started, keep in mind:

  * You are initializing within an existing Firebase project directory

[info] 
=== Project Setup
[info] 
[info] First, let's associate this project directory with a Firebase project.
[info] You can create multiple project aliases by running firebase use --add, 
[info] but for now we'll just set up a default project.
[info] 
[debug] [2022-01-25T12:38:45.074Z] Using project from CLI flag: cungdichoi-772c1
[debug] [2022-01-25T12:38:45.076Z] >>> [apiv2][query] GET https://firebase.googleapis.com/v1beta1/projects/cungdichoi-772c1 [none]
[debug] [2022-01-25T12:38:45.617Z] <<< [apiv2][status] GET https://firebase.googleapis.com/v1beta1/projects/cungdichoi-772c1 403
[debug] [2022-01-25T12:38:45.617Z] <<< [apiv2][body] GET https://firebase.googleapis.com/v1beta1/projects/cungdichoi-772c1 {"error":{"code":403,"message":"The caller does not have permission","status":"PERMISSION_DENIED"}}
[debug] [2022-01-25T12:38:45.618Z] HTTP Error: 403, The caller does not have permission
[debug] [2022-01-25T12:38:45.761Z] FirebaseError: HTTP Error: 403, The caller does not have permission
    at module.exports (C:\Users\Admin\AppData\Roaming\npm\node_modules\firebase-tools\lib\responseToError.js:38:12)
    at Client.doRequest (C:\Users\Admin\AppData\Roaming\npm\node_modules\firebase-tools\lib\apiv2.js:241:23)
    at processTicksAndRejections (internal/process/task_queues.js:95:5)
    at async Client.request (C:\Users\Admin\AppData\Roaming\npm\node_modules\firebase-tools\lib\apiv2.js:96:20)
    at async getFirebaseProject (C:\Users\Admin\AppData\Roaming\npm\node_modules\firebase-tools\lib\management\projects.js:290:21)
    at async Object.doSetup [as project] (C:\Users\Admin\AppData\Roaming\npm\node_modules\firebase-tools\lib\init\features\project.js:85:27)
    at async init (C:\Users\Admin\AppData\Roaming\npm\node_modules\firebase-tools\lib\init\index.js:19:9)
[error] 
[error] Error: Failed to get Firebase project cungdichoi-772c1. Please make sure the project exists and your account has permission to access it.
